<?xml version="1.0" encoding="UTF-8"?>
<!-- Generated by org.testng.reporters.JUnitXMLReporter -->
<testsuite hostname="DESKTOP-KAOVQ46" name="ALL WEATHER STRATEGY Test Cases" tests="2" failures="0" timestamp="17 Jan 2021 05:32:04 GMT" time="98.678" errors="0">
  <testcase name="Test_A" time="36.235" classname="herouapp.weinvest.qa.testcases.AllWeatherStategyTest"/>
  <testcase name="Test_B" time="32.414" classname="herouapp.weinvest.qa.testcases.AllWeatherStategyTest"/>
</testsuite> <!-- ALL WEATHER STRATEGY Test Cases -->
